2020-07-04 21:38:26,932 DEBUG [mondrian.sql] 0: SqlTupleReader.readTuples [[Time].[Year]]: executing sql [select "time_by_day"."the_year" as "c0" from "time_by_day" as "time_by_day" group by "time_by_day"."the_year" order by CASE WHEN "time_by_day"."the_year" IS NULL THEN 1 ELSE 0 END, "time_by_day"."the_year" ASC]
2020-07-04 21:38:26,938 DEBUG [mondrian.sql] 0: , exec 3 ms
2020-07-04 21:38:26,939 DEBUG [mondrian.sql] 0: , exec+fetch 6 ms, 2 rows
2020-07-04 21:38:26,948 DEBUG [mondrian.sql] 1: SqlTupleReader.readTuples [[Time].[Year]]: executing sql [select "time_by_day"."the_year" as "c0" from "time_by_day" as "time_by_day" group by "time_by_day"."the_year" order by CASE WHEN "time_by_day"."the_year" IS NULL THEN 1 ELSE 0 END, "time_by_day"."the_year" ASC]
2020-07-04 21:38:26,950 DEBUG [mondrian.sql] 1: , exec 2 ms
2020-07-04 21:38:26,950 DEBUG [mondrian.sql] 1: , exec+fetch 2 ms, 2 rows
2020-07-04 21:38:26,969 DEBUG [mondrian.sql] 2: SqlTupleReader.readTuples [[Time].[Year]]: executing sql [select "time_by_day"."the_year" as "c0" from "time_by_day" as "time_by_day" group by "time_by_day"."the_year" order by CASE WHEN "time_by_day"."the_year" IS NULL THEN 1 ELSE 0 END, "time_by_day"."the_year" ASC]
2020-07-04 21:38:26,972 DEBUG [mondrian.sql] 2: , exec 2 ms
2020-07-04 21:38:26,972 DEBUG [mondrian.sql] 2: , exec+fetch 2 ms, 2 rows
2020-07-04 21:38:26,972 DEBUG [mondrian.sql] 3: SqlTupleReader.readTuples [[Time].[Year]]: executing sql [select "time_by_day"."the_year" as "c0" from "time_by_day" as "time_by_day" group by "time_by_day"."the_year" order by CASE WHEN "time_by_day"."the_year" IS NULL THEN 1 ELSE 0 END, "time_by_day"."the_year" ASC]
2020-07-04 21:38:26,974 DEBUG [mondrian.sql] 3: , exec 1 ms
2020-07-04 21:38:26,974 DEBUG [mondrian.sql] 3: , exec+fetch 2 ms, 2 rows
2020-07-04 21:38:26,985 DEBUG [mondrian.sql] 4: SqlTupleReader.readTuples [[Time].[Year]]: executing sql [select "time_by_day"."the_year" as "c0" from "time_by_day" as "time_by_day" group by "time_by_day"."the_year" order by CASE WHEN "time_by_day"."the_year" IS NULL THEN 1 ELSE 0 END, "time_by_day"."the_year" ASC]
2020-07-04 21:38:26,987 DEBUG [mondrian.sql] 4: , exec 1 ms
2020-07-04 21:38:26,987 DEBUG [mondrian.sql] 4: , exec+fetch 2 ms, 2 rows
2020-07-04 21:38:26,988 DEBUG [mondrian.sql] 5: SqlTupleReader.readTuples [[Time].[Year]]: executing sql [select "time_by_day"."the_year" as "c0" from "time_by_day" as "time_by_day" group by "time_by_day"."the_year" order by CASE WHEN "time_by_day"."the_year" IS NULL THEN 1 ELSE 0 END, "time_by_day"."the_year" ASC]
2020-07-04 21:38:26,989 DEBUG [mondrian.sql] 5: , exec 1 ms
2020-07-04 21:38:26,989 DEBUG [mondrian.sql] 5: , exec+fetch 1 ms, 2 rows
2020-07-04 21:38:26,995 DEBUG [mondrian.sql] 6: SqlMemberSource.getMemberChildren: executing sql [select "store"."store_country" as "c0" from "store" as "store" where UPPER("store"."store_country") = UPPER('USA') group by "store"."store_country" order by CASE WHEN "store"."store_country" IS NULL THEN 1 ELSE 0 END, "store"."store_country" ASC]
2020-07-04 21:38:26,998 DEBUG [mondrian.sql] 6: , exec 2 ms
2020-07-04 21:38:26,998 DEBUG [mondrian.sql] 6: , exec+fetch 3 ms, 1 rows
2020-07-04 21:38:27,000 DEBUG [mondrian.sql] 7: SqlMemberSource.getMemberChildren: executing sql [select "store"."store_state" as "c0" from "store" as "store" where ("store"."store_country" = 'USA') and UPPER("store"."store_state") = UPPER('CA') group by "store"."store_state" order by CASE WHEN "store"."store_state" IS NULL THEN 1 ELSE 0 END, "store"."store_state" ASC]
2020-07-04 21:38:27,002 DEBUG [mondrian.sql] 7: , exec 1 ms
2020-07-04 21:38:27,002 DEBUG [mondrian.sql] 7: , exec+fetch 2 ms, 1 rows
2020-07-04 21:38:27,002 DEBUG [mondrian.sql] 8: SqlMemberSource.getMemberChildren: executing sql [select "store"."store_city" as "c0" from "store" as "store" where ("store"."store_state" = 'CA') and UPPER("store"."store_city") = UPPER('Los Angeles') group by "store"."store_city" order by CASE WHEN "store"."store_city" IS NULL THEN 1 ELSE 0 END, "store"."store_city" ASC]
2020-07-04 21:38:27,004 DEBUG [mondrian.sql] 8: , exec 1 ms
2020-07-04 21:38:27,004 DEBUG [mondrian.sql] 8: , exec+fetch 2 ms, 1 rows
2020-07-04 21:38:27,004 DEBUG [mondrian.sql] 9: SqlMemberSource.getMemberChildren: executing sql [select "customer"."country" as "c0" from "customer" as "customer" where UPPER("customer"."country") = UPPER('USA') group by "customer"."country" order by CASE WHEN "customer"."country" IS NULL THEN 1 ELSE 0 END, "customer"."country" ASC]
2020-07-04 21:38:27,015 DEBUG [mondrian.sql] 9: , exec 11 ms
2020-07-04 21:38:27,016 DEBUG [mondrian.sql] 9: , exec+fetch 12 ms, 1 rows
2020-07-04 21:38:27,016 DEBUG [mondrian.sql] 10: SqlMemberSource.getMemberChildren: executing sql [select "customer"."state_province" as "c0" from "customer" as "customer" where ("customer"."country" = 'USA') and UPPER("customer"."state_province") = UPPER('CA') group by "customer"."state_province" order by CASE WHEN "customer"."state_province" IS NULL THEN 1 ELSE 0 END, "customer"."state_province" ASC]
2020-07-04 21:38:27,023 DEBUG [mondrian.sql] 10: , exec 7 ms
2020-07-04 21:38:27,023 DEBUG [mondrian.sql] 10: , exec+fetch 7 ms, 1 rows
2020-07-04 21:38:27,023 DEBUG [mondrian.sql] 11: SqlMemberSource.getMemberChildren: executing sql [select "customer"."city" as "c0" from "customer" as "customer" where ("customer"."state_province" = 'CA') and UPPER("customer"."city") = UPPER('Los Angeles') group by "customer"."city" order by CASE WHEN "customer"."city" IS NULL THEN 1 ELSE 0 END, "customer"."city" ASC]
2020-07-04 21:38:27,028 DEBUG [mondrian.sql] 11: , exec 4 ms
2020-07-04 21:38:27,028 DEBUG [mondrian.sql] 11: , exec+fetch 5 ms, 1 rows
2020-07-04 21:38:57,778 DEBUG [mondrian.sql] 12: SqlTupleReader.readTuples [[Gender].[Gender]]: executing sql [select "customer"."gender" as "c0" from "customer" as "customer", "sales_fact_1997" as "sales_fact_1997" where "sales_fact_1997"."customer_id" = "customer"."customer_id" group by "customer"."gender" order by CASE WHEN "customer"."gender" IS NULL THEN 1 ELSE 0 END, "customer"."gender" ASC]
2020-07-04 21:38:57,818 DEBUG [mondrian.sql] 12: , exec 40 ms
2020-07-04 21:38:57,818 DEBUG [mondrian.sql] 12: , exec+fetch 40 ms, 2 rows
2020-07-04 21:38:57,827 DEBUG [mondrian.sql] 13: SqlStatisticsProvider.getColumnCardinality: executing sql [select count(distinct "the_year") from "time_by_day"]
2020-07-04 21:38:57,829 DEBUG [mondrian.sql] 13: , exec 1 ms
2020-07-04 21:38:57,829 DEBUG [mondrian.sql] 13: , exec+fetch 2 ms, 1 rows
2020-07-04 21:38:57,829 DEBUG [mondrian.sql] 14: SqlStatisticsProvider.getColumnCardinality: executing sql [select count(distinct "gender") from "customer"]
2020-07-04 21:38:57,836 DEBUG [mondrian.sql] 14: , exec 6 ms
2020-07-04 21:38:57,836 DEBUG [mondrian.sql] 14: , exec+fetch 7 ms, 1 rows
2020-07-04 21:38:57,855 DEBUG [mondrian.sql] 15: Segment.load: executing sql [select "time_by_day"."the_year" as "c0", "customer"."gender" as "c1", sum("sales_fact_1997"."store_cost") as "m0" from "time_by_day" as "time_by_day", "sales_fact_1997" as "sales_fact_1997", "customer" as "customer" where "sales_fact_1997"."time_id" = "time_by_day"."time_id" and "time_by_day"."the_year" = 1997 and "sales_fact_1997"."customer_id" = "customer"."customer_id" group by "time_by_day"."the_year", "customer"."gender"]
2020-07-04 21:38:57,918 DEBUG [mondrian.sql] 15: , exec 63 ms
2020-07-04 21:38:57,923 DEBUG [mondrian.sql] 15: , exec+fetch 68 ms, 2 rows
2020-07-04 21:46:37,847 DEBUG [mondrian.sql] 16: SqlTupleReader.readTuples [[Product].[Product Family]]: executing sql [select "product_class"."product_family" as "c0" from "product" as "product", "product_class" as "product_class", "sales_fact_1997" as "sales_fact_1997" where "product"."product_class_id" = "product_class"."product_class_id" and "sales_fact_1997"."product_id" = "product"."product_id" group by "product_class"."product_family" order by CASE WHEN "product_class"."product_family" IS NULL THEN 1 ELSE 0 END, "product_class"."product_family" ASC]
2020-07-04 21:46:37,884 DEBUG [mondrian.sql] 16: , exec 35 ms
2020-07-04 21:46:37,884 DEBUG [mondrian.sql] 16: , exec+fetch 37 ms, 3 rows
2020-07-04 21:46:37,885 DEBUG [mondrian.sql] 17: SqlStatisticsProvider.getColumnCardinality: executing sql [select count(distinct "product_family") from "product_class"]
2020-07-04 21:46:37,886 DEBUG [mondrian.sql] 17: , exec 1 ms
2020-07-04 21:46:37,886 DEBUG [mondrian.sql] 17: , exec+fetch 1 ms, 1 rows
2020-07-04 21:46:37,886 DEBUG [mondrian.sql] 18: Segment.load: executing sql [select "time_by_day"."the_year" as "c0", "product_class"."product_family" as "c1", sum("sales_fact_1997"."store_cost") as "m0" from "time_by_day" as "time_by_day", "sales_fact_1997" as "sales_fact_1997", "product_class" as "product_class", "product" as "product" where "sales_fact_1997"."time_id" = "time_by_day"."time_id" and "time_by_day"."the_year" = 1997 and "sales_fact_1997"."product_id" = "product"."product_id" and "product"."product_class_id" = "product_class"."product_class_id" group by "time_by_day"."the_year", "product_class"."product_family"]
2020-07-04 21:46:37,942 DEBUG [mondrian.sql] 18: , exec 55 ms
2020-07-04 21:46:37,943 DEBUG [mondrian.sql] 18: , exec+fetch 56 ms, 3 rows
2020-07-04 21:47:53,388 DEBUG [mondrian.sql] 19: SqlTupleReader.readTuples [[Product].[Product Family]]: executing sql [select "product_class"."product_family" as "c0" from "product" as "product", "product_class" as "product_class", "sales_fact_1997" as "sales_fact_1997", "time_by_day" as "time_by_day" where "product"."product_class_id" = "product_class"."product_class_id" and "sales_fact_1997"."product_id" = "product"."product_id" and "sales_fact_1997"."time_id" = "time_by_day"."time_id" and "time_by_day"."the_year" in (1997, 1998) group by "product_class"."product_family" order by CASE WHEN "product_class"."product_family" IS NULL THEN 1 ELSE 0 END, "product_class"."product_family" ASC]
2020-07-04 21:47:53,435 DEBUG [mondrian.sql] 19: , exec 47 ms
2020-07-04 21:47:53,435 DEBUG [mondrian.sql] 19: , exec+fetch 47 ms, 3 rows
2020-07-04 21:47:53,443 DEBUG [mondrian.sql] 20: Segment.load: executing sql [select "time_by_day"."the_year" as "c0", "product_class"."product_family" as "c1", sum("sales_fact_1997"."store_cost") as "m0" from "time_by_day" as "time_by_day", "sales_fact_1997" as "sales_fact_1997", "product_class" as "product_class", "product" as "product" where "sales_fact_1997"."time_id" = "time_by_day"."time_id" and "time_by_day"."the_year" = 1998 and "sales_fact_1997"."product_id" = "product"."product_id" and "product"."product_class_id" = "product_class"."product_class_id" group by "time_by_day"."the_year", "product_class"."product_family"]
2020-07-04 21:47:53,459 DEBUG [mondrian.sql] 20: , exec 16 ms
2020-07-04 21:47:53,460 DEBUG [mondrian.sql] 20: , exec+fetch 17 ms, 0 rows
